{"/home/end/projects/mern-project/ch3/src/db/init.js": {"path":"/home/end/projects/mern-project/ch3/src/db/init.js","statementMap":{"0":{"start":{"line":9,"column":25},"end":{"line":9,"column":57}},"1":{"start":{"line":12,"column":4},"end":{"line":14,"column":6}},"2":{"start":{"line":13,"column":8},"end":{"line":13,"column":66}},"3":{"start":{"line":17,"column":23},"end":{"line":17,"column":53}},"4":{"start":{"line":18,"column":4},"end":{"line":18,"column":21}}},"fnMap":{"0":{"name":"initDB","decl":{"start":{"line":5,"column":16},"end":{"line":5,"column":22}},"loc":{"start":{"line":5,"column":24},"end":{"line":19,"column":1}},"line":5},"1":{"name":"(anonymous_1)","decl":{"start":{"line":12,"column":35},"end":{"line":12,"column":36}},"loc":{"start":{"line":12,"column":39},"end":{"line":14,"column":5}},"line":12}},"branchMap":{},"s":{"0":1,"1":1,"2":1,"3":1,"4":1},"f":{"0":1,"1":1},"b":{},"_coverageSchema":"1a1c01bbd47fc00a2c39e90264f33305004495a9","hash":"df9a7554637bda3d3f1260c6163cd4d7fa4b0754"}
,"/home/end/projects/mern-project/ch3/src/db/models/post.js": {"path":"/home/end/projects/mern-project/ch3/src/db/models/post.js","statementMap":{"0":{"start":{"line":4,"column":19},"end":{"line":9,"column":22}},"1":{"start":{"line":14,"column":20},"end":{"line":14,"column":54}}},"fnMap":{},"branchMap":{},"s":{"0":1,"1":1},"f":{},"b":{},"_coverageSchema":"1a1c01bbd47fc00a2c39e90264f33305004495a9","hash":"c148b73fc5de235730f10d82f827667ffdb49dc4"}
,"/home/end/projects/mern-project/ch3/src/services/posts.js": {"path":"/home/end/projects/mern-project/ch3/src/services/posts.js","statementMap":{"0":{"start":{"line":4,"column":15},"end":{"line":4,"column":58}},"1":{"start":{"line":5,"column":2},"end":{"line":5,"column":26}},"2":{"start":{"line":12,"column":2},"end":{"line":12,"column":61}},"3":{"start":{"line":16,"column":2},"end":{"line":16,"column":37}},"4":{"start":{"line":20,"column":2},"end":{"line":20,"column":45}},"5":{"start":{"line":24,"column":2},"end":{"line":24,"column":43}},"6":{"start":{"line":28,"column":2},"end":{"line":28,"column":36}},"7":{"start":{"line":32,"column":2},"end":{"line":36,"column":3}},"8":{"start":{"line":40,"column":2},"end":{"line":40,"column":44}}},"fnMap":{"0":{"name":"createPost","decl":{"start":{"line":3,"column":22},"end":{"line":3,"column":32}},"loc":{"start":{"line":3,"column":68},"end":{"line":6,"column":1}},"line":3},"1":{"name":"listPosts","decl":{"start":{"line":8,"column":15},"end":{"line":8,"column":24}},"loc":{"start":{"line":11,"column":2},"end":{"line":13,"column":1}},"line":11},"2":{"name":"listAllPosts","decl":{"start":{"line":15,"column":22},"end":{"line":15,"column":34}},"loc":{"start":{"line":15,"column":44},"end":{"line":17,"column":1}},"line":15},"3":{"name":"listPostsByAuthor","decl":{"start":{"line":19,"column":22},"end":{"line":19,"column":39}},"loc":{"start":{"line":19,"column":57},"end":{"line":21,"column":1}},"line":19},"4":{"name":"listPostsByTags","decl":{"start":{"line":23,"column":22},"end":{"line":23,"column":37}},"loc":{"start":{"line":23,"column":53},"end":{"line":25,"column":1}},"line":23},"5":{"name":"getPostById","decl":{"start":{"line":27,"column":22},"end":{"line":27,"column":33}},"loc":{"start":{"line":27,"column":41},"end":{"line":29,"column":1}},"line":27},"6":{"name":"updatePostById","decl":{"start":{"line":31,"column":22},"end":{"line":31,"column":36}},"loc":{"start":{"line":31,"column":77},"end":{"line":37,"column":1}},"line":31},"7":{"name":"deletePostById","decl":{"start":{"line":39,"column":22},"end":{"line":39,"column":36}},"loc":{"start":{"line":39,"column":44},"end":{"line":41,"column":1}},"line":39}},"branchMap":{"0":{"loc":{"start":{"line":9,"column":2},"end":{"line":9,"column":12}},"type":"default-arg","locations":[{"start":{"line":9,"column":10},"end":{"line":9,"column":12}}],"line":9},"1":{"loc":{"start":{"line":10,"column":2},"end":{"line":10,"column":57}},"type":"default-arg","locations":[{"start":{"line":10,"column":55},"end":{"line":10,"column":57}}],"line":10},"2":{"loc":{"start":{"line":10,"column":4},"end":{"line":10,"column":24}},"type":"default-arg","locations":[{"start":{"line":10,"column":13},"end":{"line":10,"column":24}}],"line":10},"3":{"loc":{"start":{"line":10,"column":26},"end":{"line":10,"column":50}},"type":"default-arg","locations":[{"start":{"line":10,"column":38},"end":{"line":10,"column":50}}],"line":10}},"s":{"0":3,"1":3,"2":4,"3":2,"4":1,"5":1,"6":2,"7":4,"8":2},"f":{"0":3,"1":4,"2":2,"3":1,"4":1,"5":2,"6":4,"7":2},"b":{"0":[0],"1":[4],"2":[4],"3":[4]},"_coverageSchema":"1a1c01bbd47fc00a2c39e90264f33305004495a9","hash":"ece3b2fd2642d4aebf817d1c2d8aceb48942b0fb"}
}
