TN:
SF:src/db/init.js
FN:5,initDB
FN:12,(anonymous_1)
FNF:2
FNH:2
FNDA:1,initDB
FNDA:1,(anonymous_1)
DA:9,1
DA:12,1
DA:13,1
DA:17,1
DA:18,1
LF:5
LH:5
BRF:0
BRH:0
end_of_record
TN:
SF:src/db/models/post.js
FNF:0
FNH:0
DA:4,1
DA:14,1
LF:2
LH:2
BRF:0
BRH:0
end_of_record
TN:
SF:src/services/posts.js
FN:3,createPost
FN:8,listPosts
FN:15,listAllPosts
FN:19,listPostsByAuthor
FN:23,listPostsByTags
FN:27,getPostById
FN:31,updatePostById
FN:39,deletePostById
FNF:8
FNH:8
FNDA:3,createPost
FNDA:4,listPosts
FNDA:2,listAllPosts
FNDA:1,listPostsByAuthor
FNDA:1,listPostsByTags
FNDA:2,getPostById
FNDA:4,updatePostById
FNDA:2,deletePostById
DA:4,3
DA:5,3
DA:12,4
DA:16,2
DA:20,1
DA:24,1
DA:28,2
DA:32,4
DA:40,2
LF:9
LH:9
BRDA:9,0,0,0
BRDA:10,1,0,4
BRDA:10,2,0,4
BRDA:10,3,0,4
BRF:4
BRH:3
end_of_record
